<?xml version="1.0" encoding="UTF-8"?>
<!-- Generated by org.testng.reporters.JUnitXMLReporter -->
<testsuite ignored="3" hostname="DESKTOP-1SSOFLA" failures="0" tests="1" name="Default test" time="6.322" errors="0" timestamp="2024-04-14T14:16:43 IST">
  <testcase classname="qtriptest.APITests.testCase_API_01" name="testcase01a_ValidRegisteration" time="6.258"/>
  <testcase classname="qtriptest.APITests.testCase_API_01" name="testCase01d_InvalidLogin" time="0.0">
    <ignored/>
  </testcase> <!-- testCase01d_InvalidLogin -->
  <testcase classname="qtriptest.APITests.testCase_API_01" name="API_testCase01c_ValidLogin" time="0.0">
    <ignored/>
  </testcase> <!-- API_testCase01c_ValidLogin -->
  <testcase classname="qtriptest.APITests.testCase_API_01" name="testCase01b_InvalidRegisteration" time="0.0">
    <ignored/>
  </testcase> <!-- testCase01b_InvalidRegisteration -->
</testsuite> <!-- Default test -->
