<?xml version="1.0" encoding="UTF-8"?>
<!-- Generated by org.testng.reporters.JUnitXMLReporter -->
<testsuite ignored="8" hostname="DESKTOP-1SSOFLA" failures="0" tests="12" name="Qtrip Test" time="302.328" errors="0" timestamp="2024-02-21T21:22:13 IST">
  <testcase classname="qtriptest.tests.testCase_01" name="TestCase01" time="11.247"/>
  <testcase classname="qtriptest.tests.testCase_01" name="TestCase01" time="5.93"/>
  <testcase classname="qtriptest.tests.testCase_01" name="TestCase01" time="5.454"/>
  <testcase classname="qtriptest.tests.testCase_02" name="TestCase02" time="2.711"/>
  <testcase classname="qtriptest.tests.testCase_02" name="TestCase02" time="2.782"/>
  <testcase classname="qtriptest.tests.testCase_02" name="TestCase02" time="8.882"/>
  <testcase classname="qtriptest.tests.testCase_03" name="TestCase03" time="38.9"/>
  <testcase classname="qtriptest.tests.testCase_03" name="TestCase03" time="37.556"/>
  <testcase classname="qtriptest.tests.testCase_03" name="TestCase03" time="38.854"/>
  <testcase classname="qtriptest.tests.testCase_04" name="TestCase04" time="46.503"/>
  <testcase classname="qtriptest.tests.testCase_04" name="TestCase04" time="47.615"/>
  <testcase classname="qtriptest.tests.testCase_04" name="TestCase04" time="46.929"/>
  <testcase classname="qtriptest.tests.BaseTest" name="@AfterSuite tearDown" time="0.0">
    <ignored/>
  </testcase> <!-- @AfterSuite tearDown -->
  <testcase classname="qtriptest.tests.BaseTest" name="@AfterSuite tearDown" time="0.0">
    <ignored/>
  </testcase> <!-- @AfterSuite tearDown -->
  <testcase classname="qtriptest.tests.BaseTest" name="@AfterSuite tearDown" time="0.0">
    <ignored/>
  </testcase> <!-- @AfterSuite tearDown -->
  <testcase classname="qtriptest.tests.BaseTest" name="@AfterSuite tearDown" time="0.0">
    <ignored/>
  </testcase> <!-- @AfterSuite tearDown -->
  <testcase classname="qtriptest.tests.BaseTest" name="@BeforeSuite driverSetup" time="0.0">
    <ignored/>
  </testcase> <!-- @BeforeSuite driverSetup -->
  <testcase classname="qtriptest.tests.BaseTest" name="@BeforeSuite driverSetup" time="0.0">
    <ignored/>
  </testcase> <!-- @BeforeSuite driverSetup -->
  <testcase classname="qtriptest.tests.BaseTest" name="@BeforeSuite driverSetup" time="0.0">
    <ignored/>
  </testcase> <!-- @BeforeSuite driverSetup -->
  <testcase classname="qtriptest.tests.BaseTest" name="@BeforeSuite driverSetup" time="0.0">
    <ignored/>
  </testcase> <!-- @BeforeSuite driverSetup -->
</testsuite> <!-- Qtrip Test -->
