<?xml version="1.0" encoding="UTF-8"?>
<!-- Generated by org.testng.reporters.JUnitXMLReporter -->
<testsuite ignored="8" hostname="DESKTOP-1SSOFLA" failures="0" tests="12" name="Qtrip UI Tests" time="268.665" errors="0" timestamp="2024-04-14T14:21:43 IST">
  <testcase classname="qtriptest.tests.testCase_01" name="UI_TestCase01" time="14.327"/>
  <testcase classname="qtriptest.tests.testCase_01" name="UI_TestCase01" time="5.705"/>
  <testcase classname="qtriptest.tests.testCase_01" name="UI_TestCase01" time="6.151"/>
  <testcase classname="qtriptest.tests.testCase_02" name="UI_TestCase02" time="2.416"/>
  <testcase classname="qtriptest.tests.testCase_02" name="UI_TestCase02" time="3.248"/>
  <testcase classname="qtriptest.tests.testCase_02" name="UI_TestCase02" time="8.841"/>
  <testcase classname="qtriptest.tests.testCase_03" name="UI_TestCase03" time="38.255"/>
  <testcase classname="qtriptest.tests.testCase_03" name="UI_TestCase03" time="33.32"/>
  <testcase classname="qtriptest.tests.testCase_03" name="UI_TestCase03" time="38.466"/>
  <testcase classname="qtriptest.tests.testCase_04" name="UI_TestCase04" time="35.43"/>
  <testcase classname="qtriptest.tests.testCase_04" name="UI_TestCase04" time="34.084"/>
  <testcase classname="qtriptest.tests.testCase_04" name="UI_TestCase04" time="41.134"/>
  <testcase classname="qtriptest.tests.BaseTest" name="@AfterSuite tearDown" time="0.0">
    <ignored/>
  </testcase> <!-- @AfterSuite tearDown -->
  <testcase classname="qtriptest.tests.BaseTest" name="@AfterSuite tearDown" time="0.0">
    <ignored/>
  </testcase> <!-- @AfterSuite tearDown -->
  <testcase classname="qtriptest.tests.BaseTest" name="@AfterSuite tearDown" time="0.0">
    <ignored/>
  </testcase> <!-- @AfterSuite tearDown -->
  <testcase classname="qtriptest.tests.BaseTest" name="@AfterSuite tearDown" time="0.0">
    <ignored/>
  </testcase> <!-- @AfterSuite tearDown -->
  <testcase classname="qtriptest.tests.BaseTest" name="@BeforeSuite driverSetup" time="0.0">
    <ignored/>
  </testcase> <!-- @BeforeSuite driverSetup -->
  <testcase classname="qtriptest.tests.BaseTest" name="@BeforeSuite driverSetup" time="0.0">
    <ignored/>
  </testcase> <!-- @BeforeSuite driverSetup -->
  <testcase classname="qtriptest.tests.BaseTest" name="@BeforeSuite driverSetup" time="0.0">
    <ignored/>
  </testcase> <!-- @BeforeSuite driverSetup -->
  <testcase classname="qtriptest.tests.BaseTest" name="@BeforeSuite driverSetup" time="0.0">
    <ignored/>
  </testcase> <!-- @BeforeSuite driverSetup -->
</testsuite> <!-- Qtrip UI Tests -->
