<?xml version="1.0" encoding="UTF-8"?>
<!-- Generated by org.testng.reporters.JUnitXMLReporter -->
<testsuite ignored="3" hostname="DESKTOP-1SSOFLA" failures="0" tests="4" name="Qtrip API Tests" time="13.219" errors="0" timestamp="2024-04-14T14:21:57 IST">
  <testcase classname="qtriptest.APITests.testCase_API_01" name="API_testCase01c_ValidLogin" time="5.455"/>
  <testcase classname="qtriptest.APITests.testCase_API_02" name="API_testCase02_searchCities" time="1.655"/>
  <testcase classname="qtriptest.APITests.testCase_API_03" name="API_testCase03_BookReservation" time="3.703"/>
  <testcase classname="qtriptest.APITests.testCase_API_04" name="API_testCase04_checkDuplicateRegisteration" time="1.843"/>
  <testcase classname="qtriptest.APITests.testCase_API_01" name="testcase01a_ValidRegisteration" time="0.0">
    <ignored/>
  </testcase> <!-- testcase01a_ValidRegisteration -->
  <testcase classname="qtriptest.APITests.testCase_API_01" name="testCase01d_InvalidLogin" time="0.0">
    <ignored/>
  </testcase> <!-- testCase01d_InvalidLogin -->
  <testcase classname="qtriptest.APITests.testCase_API_01" name="testCase01b_InvalidRegisteration" time="0.0">
    <ignored/>
  </testcase> <!-- testCase01b_InvalidRegisteration -->
</testsuite> <!-- Qtrip API Tests -->
