<?xml version="1.0" encoding="UTF-8"?>
<!-- Generated by org.testng.reporters.JUnitXMLReporter -->
<testsuite ignored="3" hostname="DESKTOP-1SSOFLA" failures="1" tests="4" name="Qtrip API Test" time="13.2" errors="0" timestamp="2024-04-14T12:35:57 IST">
  <testcase classname="qtriptest.APITests.testCase_API_01" name="testCase01c_ValidLogin" time="5.617"/>
  <testcase classname="qtriptest.APITests.testCase_API_02" name="testCase02_searchCities" time="1.18">
    <failure type="io.restassured.module.jsv.JsonSchemaValidationException" message="java.io.FileNotFoundException: \home\crio-user\workspace\abdullahjamadar01-ME_API_TESTING_PROJECT\app\src\test\resources\schema.json (The system cannot find the path specified)">
      <![CDATA[io.restassured.module.jsv.JsonSchemaValidationException: java.io.FileNotFoundException: \home\crio-user\workspace\abdullahjamadar01-ME_API_TESTING_PROJECT\app\src\test\resources\schema.json (The system cannot find the path specified)
at io.restassured.module.jsv.JsonSchemaValidator$JsonSchemaValidatorFactory.create(JsonSchemaValidator.java:286)
at io.restassured.module.jsv.JsonSchemaValidator.matchesJsonSchema(JsonSchemaValidator.java:157)
at qtriptest.APITests.testCase_API_02.SearchCity(testCase_API_02.java:30)
at qtriptest.APITests.testCase_API_02.testCase02_searchCities(testCase_API_02.java:20)
at java.base/java.util.ArrayList.forEach(ArrayList.java:1596)
Caused by: java.io.FileNotFoundException: \home\crio-user\workspace\abdullahjamadar01-ME_API_TESTING_PROJECT\app\src\test\resources\schema.json (The system cannot find the path specified)
at java.base/java.io.FileInputStream.open0(Native Method)
at java.base/java.io.FileInputStream.open(FileInputStream.java:213)
at java.base/java.io.FileInputStream.<init>(FileInputStream.java:152)
at com.github.fge.jackson.JsonLoader.fromFile(JsonLoader.java:165)
at io.restassured.module.jsv.JsonSchemaValidator$3.createSchemaInstance(JsonSchemaValidator.java:155)
at io.restassured.module.jsv.JsonSchemaValidator$3.createSchemaInstance(JsonSchemaValidator.java:152)
at io.restassured.module.jsv.JsonSchemaValidator$JsonSchemaValidatorFactory.create(JsonSchemaValidator.java:284)
... 29 more
... Removed 25 stack frames]]>
    </failure>
  </testcase> <!-- testCase02_searchCities -->
  <testcase classname="qtriptest.APITests.testCase_API_03" name="testCase03_BookReservation" time="3.663"/>
  <testcase classname="qtriptest.APITests.testCase_API_04" name="checkDuplicateRegisteration" time="1.97"/>
  <testcase classname="qtriptest.APITests.testCase_API_01" name="testcase01a_ValidRegisteration" time="0.0">
    <ignored/>
  </testcase> <!-- testcase01a_ValidRegisteration -->
  <testcase classname="qtriptest.APITests.testCase_API_01" name="testCase01d_InvalidLogin" time="0.0">
    <ignored/>
  </testcase> <!-- testCase01d_InvalidLogin -->
  <testcase classname="qtriptest.APITests.testCase_API_01" name="testCase01b_InvalidRegisteration" time="0.0">
    <ignored/>
  </testcase> <!-- testCase01b_InvalidRegisteration -->
</testsuite> <!-- Qtrip API Test -->
