<?xml version="1.0" encoding="UTF-8"?>
<!-- Generated by org.testng.reporters.JUnitXMLReporter -->
<testsuite ignored="8" hostname="DESKTOP-1SSOFLA" failures="0" tests="12" name="Qtrip Test" time="245.58" errors="0" timestamp="2024-03-11T09:37:45 IST">
  <testcase classname="qtriptest.tests.testCase_01" name="TestCase01" time="12.684"/>
  <testcase classname="qtriptest.tests.testCase_01" name="TestCase01" time="6.934"/>
  <testcase classname="qtriptest.tests.testCase_01" name="TestCase01" time="4.886"/>
  <testcase classname="qtriptest.tests.testCase_02" name="TestCase02" time="3.565"/>
  <testcase classname="qtriptest.tests.testCase_02" name="TestCase02" time="2.602"/>
  <testcase classname="qtriptest.tests.testCase_02" name="TestCase02" time="2.765"/>
  <testcase classname="qtriptest.tests.testCase_03" name="TestCase03" time="31.448"/>
  <testcase classname="qtriptest.tests.testCase_03" name="TestCase03" time="38.218"/>
  <testcase classname="qtriptest.tests.testCase_03" name="TestCase03" time="31.368"/>
  <testcase classname="qtriptest.tests.testCase_04" name="TestCase04" time="34.189"/>
  <testcase classname="qtriptest.tests.testCase_04" name="TestCase04" time="27.342"/>
  <testcase classname="qtriptest.tests.testCase_04" name="TestCase04" time="41.075"/>
  <testcase classname="qtriptest.tests.BaseTest" name="@AfterSuite tearDown" time="0.0">
    <ignored/>
  </testcase> <!-- @AfterSuite tearDown -->
  <testcase classname="qtriptest.tests.BaseTest" name="@AfterSuite tearDown" time="0.0">
    <ignored/>
  </testcase> <!-- @AfterSuite tearDown -->
  <testcase classname="qtriptest.tests.BaseTest" name="@AfterSuite tearDown" time="0.0">
    <ignored/>
  </testcase> <!-- @AfterSuite tearDown -->
  <testcase classname="qtriptest.tests.BaseTest" name="@AfterSuite tearDown" time="0.0">
    <ignored/>
  </testcase> <!-- @AfterSuite tearDown -->
  <testcase classname="qtriptest.tests.BaseTest" name="@BeforeSuite driverSetup" time="0.0">
    <ignored/>
  </testcase> <!-- @BeforeSuite driverSetup -->
  <testcase classname="qtriptest.tests.BaseTest" name="@BeforeSuite driverSetup" time="0.0">
    <ignored/>
  </testcase> <!-- @BeforeSuite driverSetup -->
  <testcase classname="qtriptest.tests.BaseTest" name="@BeforeSuite driverSetup" time="0.0">
    <ignored/>
  </testcase> <!-- @BeforeSuite driverSetup -->
  <testcase classname="qtriptest.tests.BaseTest" name="@BeforeSuite driverSetup" time="0.0">
    <ignored/>
  </testcase> <!-- @BeforeSuite driverSetup -->
</testsuite> <!-- Qtrip Test -->
