<?xml version="1.0" encoding="UTF-8"?>
<!-- Generated by org.testng.reporters.JUnitXMLReporter -->
<testsuite ignored="8" hostname="DESKTOP-1SSOFLA" failures="0" tests="12" name="Qtrip UI Tests" time="254.546" errors="0" timestamp="2024-04-14T13:17:15 IST">
  <testcase classname="qtriptest.tests.testCase_01" name="UI_TestCase01" time="12.248"/>
  <testcase classname="qtriptest.tests.testCase_01" name="UI_TestCase01" time="7.426"/>
  <testcase classname="qtriptest.tests.testCase_01" name="UI_TestCase01" time="6.44"/>
  <testcase classname="qtriptest.tests.testCase_02" name="UI_TestCase02" time="3.126"/>
  <testcase classname="qtriptest.tests.testCase_02" name="UI_TestCase02" time="2.774"/>
  <testcase classname="qtriptest.tests.testCase_02" name="UI_TestCase02" time="3.046"/>
  <testcase classname="qtriptest.tests.testCase_03" name="UI_TestCase03" time="33.076"/>
  <testcase classname="qtriptest.tests.testCase_03" name="UI_TestCase03" time="31.996"/>
  <testcase classname="qtriptest.tests.testCase_03" name="UI_TestCase03" time="37.298"/>
  <testcase classname="qtriptest.tests.testCase_04" name="UI_TestCase04" time="34.772"/>
  <testcase classname="qtriptest.tests.testCase_04" name="UI_TestCase04" time="39.758"/>
  <testcase classname="qtriptest.tests.testCase_04" name="UI_TestCase04" time="34.711"/>
  <testcase classname="qtriptest.tests.BaseTest" name="@AfterSuite tearDown" time="0.0">
    <ignored/>
  </testcase> <!-- @AfterSuite tearDown -->
  <testcase classname="qtriptest.tests.BaseTest" name="@AfterSuite tearDown" time="0.0">
    <ignored/>
  </testcase> <!-- @AfterSuite tearDown -->
  <testcase classname="qtriptest.tests.BaseTest" name="@AfterSuite tearDown" time="0.0">
    <ignored/>
  </testcase> <!-- @AfterSuite tearDown -->
  <testcase classname="qtriptest.tests.BaseTest" name="@AfterSuite tearDown" time="0.0">
    <ignored/>
  </testcase> <!-- @AfterSuite tearDown -->
  <testcase classname="qtriptest.tests.BaseTest" name="@BeforeSuite driverSetup" time="0.0">
    <ignored/>
  </testcase> <!-- @BeforeSuite driverSetup -->
  <testcase classname="qtriptest.tests.BaseTest" name="@BeforeSuite driverSetup" time="0.0">
    <ignored/>
  </testcase> <!-- @BeforeSuite driverSetup -->
  <testcase classname="qtriptest.tests.BaseTest" name="@BeforeSuite driverSetup" time="0.0">
    <ignored/>
  </testcase> <!-- @BeforeSuite driverSetup -->
  <testcase classname="qtriptest.tests.BaseTest" name="@BeforeSuite driverSetup" time="0.0">
    <ignored/>
  </testcase> <!-- @BeforeSuite driverSetup -->
</testsuite> <!-- Qtrip UI Tests -->
