<?xml version="1.0" encoding="UTF-8"?>
<testng-results ignored="11" total="27" passed="16" failed="0" skipped="0">
  <reporter-output>
  </reporter-output>
  <suite started-at="2024-04-14T14:17:14 IST" name="Tests for QTrip Regression" finished-at="2024-04-14T14:21:57 IST" duration-ms="282407">
    <groups>
      <group name="Booking and Cancellation Flow">
        <method signature="testCase_03.UI_TestCase03(java.lang.String,java.lang.String,java.lang.String,java.lang.String,java.lang.String,java.lang.String,java.lang.String)[pri:3, instance:qtriptest.tests.testCase_03@7e276594]" name="UI_TestCase03" class="qtriptest.tests.testCase_03"/>
      </group> <!-- Booking and Cancellation Flow -->
      <group name="API Tests">
        <method signature="testCase_API_01.API_testCase01c_ValidLogin()[pri:0, instance:qtriptest.APITests.testCase_API_01@1c3146bc]" name="API_testCase01c_ValidLogin" class="qtriptest.APITests.testCase_API_01"/>
        <method signature="testCase_API_02.API_testCase02_searchCities()[pri:0, instance:qtriptest.APITests.testCase_API_02@56c698e3]" name="API_testCase02_searchCities" class="qtriptest.APITests.testCase_API_02"/>
        <method signature="testCase_API_03.API_testCase03_BookReservation()[pri:0, instance:qtriptest.APITests.testCase_API_03@47a86fbb]" name="API_testCase03_BookReservation" class="qtriptest.APITests.testCase_API_03"/>
        <method signature="testCase_API_04.API_testCase04_checkDuplicateRegisteration()[pri:0, instance:qtriptest.APITests.testCase_API_04@f478a81]" name="API_testCase04_checkDuplicateRegisteration" class="qtriptest.APITests.testCase_API_04"/>
      </group> <!-- API Tests -->
      <group name="Reliability Flow">
        <method signature="testCase_04.UI_TestCase04(java.lang.String,java.lang.String,java.lang.String,java.lang.String,java.lang.String)[pri:4, instance:qtriptest.tests.testCase_04@3401a114]" name="UI_TestCase04" class="qtriptest.tests.testCase_04"/>
      </group> <!-- Reliability Flow -->
      <group name="Search and Filter flow">
        <method signature="testCase_02.UI_TestCase02(java.lang.String,java.lang.String,java.lang.String,java.lang.String,java.lang.String)[pri:2, instance:qtriptest.tests.testCase_02@655ef322]" name="UI_TestCase02" class="qtriptest.tests.testCase_02"/>
      </group> <!-- Search and Filter flow -->
      <group name="Login Flow">
        <method signature="testCase_01.UI_TestCase01(java.lang.String,java.lang.String)[pri:1, instance:qtriptest.tests.testCase_01@55562aa9]" name="UI_TestCase01" class="qtriptest.tests.testCase_01"/>
      </group> <!-- Login Flow -->
    </groups>
    <test started-at="2024-04-14T14:17:14 IST" name="Qtrip UI Tests" finished-at="2024-04-14T14:21:43 IST" duration-ms="268665">
      <class name="qtriptest.tests.testCase_01">
        <test-method signature="UI_TestCase01(java.lang.String,java.lang.String)[pri:1, instance:qtriptest.tests.testCase_01@55562aa9]" started-at="2024-04-14T14:17:16 IST" name="UI_TestCase01" description="TestCase1" data-provider="dataProviderMethod" finished-at="2024-04-14T14:17:31 IST" duration-ms="14327" status="PASS">
          <params>
            <param index="0">
              <value>
                <![CDATA[testuser@gmail.com]]>
              </value>
            </param>
            <param index="1">
              <value>
                <![CDATA[abc@123]]>
              </value>
            </param>
          </params>
          <reporter-output>
          </reporter-output>
        </test-method> <!-- UI_TestCase01 -->
        <test-method signature="UI_TestCase01(java.lang.String,java.lang.String)[pri:1, instance:qtriptest.tests.testCase_01@55562aa9]" started-at="2024-04-14T14:17:32 IST" name="UI_TestCase01" description="TestCase1" data-provider="dataProviderMethod" finished-at="2024-04-14T14:17:38 IST" duration-ms="5705" status="PASS">
          <params>
            <param index="0">
              <value>
                <![CDATA[TESTUSER@gmail.com]]>
              </value>
            </param>
            <param index="1">
              <value>
                <![CDATA[123456.0]]>
              </value>
            </param>
          </params>
          <reporter-output>
          </reporter-output>
        </test-method> <!-- UI_TestCase01 -->
        <test-method signature="UI_TestCase01(java.lang.String,java.lang.String)[pri:1, instance:qtriptest.tests.testCase_01@55562aa9]" started-at="2024-04-14T14:17:39 IST" name="UI_TestCase01" description="TestCase1" data-provider="dataProviderMethod" finished-at="2024-04-14T14:17:45 IST" duration-ms="6151" status="PASS">
          <params>
            <param index="0">
              <value>
                <![CDATA[123_USER_low@gmail.com]]>
              </value>
            </param>
            <param index="1">
              <value>
                <![CDATA[QWERTY!!!!]]>
              </value>
            </param>
          </params>
          <reporter-output>
          </reporter-output>
        </test-method> <!-- UI_TestCase01 -->
      </class> <!-- qtriptest.tests.testCase_01 -->
      <class name="qtriptest.tests.testCase_04">
        <test-method signature="UI_TestCase04(java.lang.String,java.lang.String,java.lang.String,java.lang.String,java.lang.String)[pri:4, instance:qtriptest.tests.testCase_04@3401a114]" started-at="2024-04-14T14:19:52 IST" name="UI_TestCase04" description="TestCase4" data-provider="dataProviderMethod" finished-at="2024-04-14T14:20:27 IST" duration-ms="35430" status="PASS">
          <params>
            <param index="0">
              <value>
                <![CDATA[TC4_1@gmail.com]]>
              </value>
            </param>
            <param index="1">
              <value>
                <![CDATA[abc@123]]>
              </value>
            </param>
            <param index="2">
              <value>
                <![CDATA[Bengaluru;Niaboytown;Chicky;01-01-2025;2]]>
              </value>
            </param>
            <param index="3">
              <value>
                <![CDATA[Kolkata;Thton;Cha Cha;01-02-2025;3]]>
              </value>
            </param>
            <param index="4">
              <value>
                <![CDATA[Malaysia;Wootkentree;Bom Bom;02-12-2025;1]]>
              </value>
            </param>
          </params>
          <reporter-output>
          </reporter-output>
        </test-method> <!-- UI_TestCase04 -->
        <test-method signature="UI_TestCase04(java.lang.String,java.lang.String,java.lang.String,java.lang.String,java.lang.String)[pri:4, instance:qtriptest.tests.testCase_04@3401a114]" started-at="2024-04-14T14:20:27 IST" name="UI_TestCase04" description="TestCase4" data-provider="dataProviderMethod" finished-at="2024-04-14T14:21:01 IST" duration-ms="34084" status="PASS">
          <params>
            <param index="0">
              <value>
                <![CDATA[TC4_2@gmail.com]]>
              </value>
            </param>
            <param index="1">
              <value>
                <![CDATA[abc@321]]>
              </value>
            </param>
            <param index="2">
              <value>
                <![CDATA[Bengaluru;Fort Sionnnn;Chicky;01-01-2025;2]]>
              </value>
            </param>
            <param index="3">
              <value>
                <![CDATA[Kolkata;North Gelgoon;Cha Cha;01-02-2025;3]]>
              </value>
            </param>
            <param index="4">
              <value>
                <![CDATA[Malaysia;Wootkentree;Lya;02-12-2025;1]]>
              </value>
            </param>
          </params>
          <reporter-output>
          </reporter-output>
        </test-method> <!-- UI_TestCase04 -->
        <test-method signature="UI_TestCase04(java.lang.String,java.lang.String,java.lang.String,java.lang.String,java.lang.String)[pri:4, instance:qtriptest.tests.testCase_04@3401a114]" started-at="2024-04-14T14:21:02 IST" name="UI_TestCase04" description="TestCase4" data-provider="dataProviderMethod" finished-at="2024-04-14T14:21:43 IST" duration-ms="41134" status="PASS">
          <params>
            <param index="0">
              <value>
                <![CDATA[TC4_3@gmail.com]]>
              </value>
            </param>
            <param index="1">
              <value>
                <![CDATA[abc@321]]>
              </value>
            </param>
            <param index="2">
              <value>
                <![CDATA[Goa;Perthby;Chicky;01-01-2025;2]]>
              </value>
            </param>
            <param index="3">
              <value>
                <![CDATA[Bengaluru;Niaboytown;Chicky;01-01-2025;2]]>
              </value>
            </param>
            <param index="4">
              <value>
                <![CDATA[Bengaluru;Fort Sionnnn;Chicky;01-01-2025;2]]>
              </value>
            </param>
          </params>
          <reporter-output>
          </reporter-output>
        </test-method> <!-- UI_TestCase04 -->
      </class> <!-- qtriptest.tests.testCase_04 -->
      <class name="qtriptest.tests.testCase_03">
        <test-method signature="UI_TestCase03(java.lang.String,java.lang.String,java.lang.String,java.lang.String,java.lang.String,java.lang.String,java.lang.String)[pri:3, instance:qtriptest.tests.testCase_03@7e276594]" started-at="2024-04-14T14:18:01 IST" name="UI_TestCase03" description="TestCase3" data-provider="dataProviderMethod" finished-at="2024-04-14T14:18:39 IST" duration-ms="38255" status="PASS">
          <params>
            <param index="0">
              <value>
                <![CDATA[TC3_1@gmaill.com]]>
              </value>
            </param>
            <param index="1">
              <value>
                <![CDATA[abc@123]]>
              </value>
            </param>
            <param index="2">
              <value>
                <![CDATA[Bengaluru]]>
              </value>
            </param>
            <param index="3">
              <value>
                <![CDATA[Niaboytown]]>
              </value>
            </param>
            <param index="4">
              <value>
                <![CDATA[palam]]>
              </value>
            </param>
            <param index="5">
              <value>
                <![CDATA[16-11-2025]]>
              </value>
            </param>
            <param index="6">
              <value>
                <![CDATA[2]]>
              </value>
            </param>
          </params>
          <reporter-output>
          </reporter-output>
        </test-method> <!-- UI_TestCase03 -->
        <test-method signature="UI_TestCase03(java.lang.String,java.lang.String,java.lang.String,java.lang.String,java.lang.String,java.lang.String,java.lang.String)[pri:3, instance:qtriptest.tests.testCase_03@7e276594]" started-at="2024-04-14T14:18:40 IST" name="UI_TestCase03" description="TestCase3" data-provider="dataProviderMethod" finished-at="2024-04-14T14:19:13 IST" duration-ms="33320" status="PASS">
          <params>
            <param index="0">
              <value>
                <![CDATA[TC3_2@gmail.com]]>
              </value>
            </param>
            <param index="1">
              <value>
                <![CDATA[abc@123]]>
              </value>
            </param>
            <param index="2">
              <value>
                <![CDATA[Singapore]]>
              </value>
            </param>
            <param index="3">
              <value>
                <![CDATA[Grand Ashland]]>
              </value>
            </param>
            <param index="4">
              <value>
                <![CDATA[biden]]>
              </value>
            </param>
            <param index="5">
              <value>
                <![CDATA[26-11-2025]]>
              </value>
            </param>
            <param index="6">
              <value>
                <![CDATA[4]]>
              </value>
            </param>
          </params>
          <reporter-output>
          </reporter-output>
        </test-method> <!-- UI_TestCase03 -->
        <test-method signature="UI_TestCase03(java.lang.String,java.lang.String,java.lang.String,java.lang.String,java.lang.String,java.lang.String,java.lang.String)[pri:3, instance:qtriptest.tests.testCase_03@7e276594]" started-at="2024-04-14T14:19:13 IST" name="UI_TestCase03" description="TestCase3" data-provider="dataProviderMethod" finished-at="2024-04-14T14:19:52 IST" duration-ms="38466" status="PASS">
          <params>
            <param index="0">
              <value>
                <![CDATA[TC3_3@gmail.com]]>
              </value>
            </param>
            <param index="1">
              <value>
                <![CDATA[abc@123]]>
              </value>
            </param>
            <param index="2">
              <value>
                <![CDATA[Bangkok]]>
              </value>
            </param>
            <param index="3">
              <value>
                <![CDATA[Tifwales Ferry]]>
              </value>
            </param>
            <param index="4">
              <value>
                <![CDATA[prabhu]]>
              </value>
            </param>
            <param index="5">
              <value>
                <![CDATA[26-12-2025]]>
              </value>
            </param>
            <param index="6">
              <value>
                <![CDATA[1]]>
              </value>
            </param>
          </params>
          <reporter-output>
          </reporter-output>
        </test-method> <!-- UI_TestCase03 -->
      </class> <!-- qtriptest.tests.testCase_03 -->
      <class name="qtriptest.tests.testCase_02">
        <test-method signature="UI_TestCase02(java.lang.String,java.lang.String,java.lang.String,java.lang.String,java.lang.String)[pri:2, instance:qtriptest.tests.testCase_02@655ef322]" started-at="2024-04-14T14:17:46 IST" name="UI_TestCase02" description="TestCase2" data-provider="dataProviderMethod" finished-at="2024-04-14T14:17:48 IST" duration-ms="2416" status="PASS">
          <params>
            <param index="0">
              <value>
                <![CDATA[Bengaluru]]>
              </value>
            </param>
            <param index="1">
              <value>
                <![CDATA[Cycling Routes]]>
              </value>
            </param>
            <param index="2">
              <value>
                <![CDATA[6-12 Hours]]>
              </value>
            </param>
            <param index="3">
              <value>
                <![CDATA[1]]>
              </value>
            </param>
            <param index="4">
              <value>
                <![CDATA[9]]>
              </value>
            </param>
          </params>
          <reporter-output>
          </reporter-output>
        </test-method> <!-- UI_TestCase02 -->
        <test-method signature="UI_TestCase02(java.lang.String,java.lang.String,java.lang.String,java.lang.String,java.lang.String)[pri:2, instance:qtriptest.tests.testCase_02@655ef322]" started-at="2024-04-14T14:17:48 IST" name="UI_TestCase02" description="TestCase2" data-provider="dataProviderMethod" finished-at="2024-04-14T14:17:52 IST" duration-ms="3248" status="PASS">
          <params>
            <param index="0">
              <value>
                <![CDATA[Singapore]]>
              </value>
            </param>
            <param index="1">
              <value>
                <![CDATA[Hillside Getaways]]>
              </value>
            </param>
            <param index="2">
              <value>
                <![CDATA[6-12 Hours]]>
              </value>
            </param>
            <param index="3">
              <value>
                <![CDATA[1]]>
              </value>
            </param>
            <param index="4">
              <value>
                <![CDATA[8]]>
              </value>
            </param>
          </params>
          <reporter-output>
          </reporter-output>
        </test-method> <!-- UI_TestCase02 -->
        <test-method signature="UI_TestCase02(java.lang.String,java.lang.String,java.lang.String,java.lang.String,java.lang.String)[pri:2, instance:qtriptest.tests.testCase_02@655ef322]" started-at="2024-04-14T14:17:52 IST" name="UI_TestCase02" description="TestCase2" data-provider="dataProviderMethod" finished-at="2024-04-14T14:18:01 IST" duration-ms="8841" status="PASS">
          <params>
            <param index="0">
              <value>
                <![CDATA[Goa]]>
              </value>
            </param>
            <param index="1">
              <value>
                <![CDATA[Party Spots]]>
              </value>
            </param>
            <param index="2">
              <value>
                <![CDATA[2-6 Hours]]>
              </value>
            </param>
            <param index="3">
              <value>
                <![CDATA[1]]>
              </value>
            </param>
            <param index="4">
              <value>
                <![CDATA[11]]>
              </value>
            </param>
          </params>
          <reporter-output>
          </reporter-output>
        </test-method> <!-- UI_TestCase02 -->
      </class> <!-- qtriptest.tests.testCase_02 -->
    </test> <!-- Qtrip UI Tests -->
    <test started-at="2024-04-14T14:21:43 IST" name="Qtrip API Tests" finished-at="2024-04-14T14:21:57 IST" duration-ms="13219">
      <class name="qtriptest.APITests.testCase_API_01">
        <test-method signature="API_testCase01c_ValidLogin()[pri:0, instance:qtriptest.APITests.testCase_API_01@1c3146bc]" started-at="2024-04-14T14:21:43 IST" name="API_testCase01c_ValidLogin" description="Verify that a new user can be registered and login using APIs of QTrip" finished-at="2024-04-14T14:21:49 IST" duration-ms="5455" status="PASS">
          <reporter-output>
          </reporter-output>
        </test-method> <!-- API_testCase01c_ValidLogin -->
      </class> <!-- qtriptest.APITests.testCase_API_01 -->
      <class name="qtriptest.APITests.testCase_API_02">
        <test-method signature="API_testCase02_searchCities()[pri:0, instance:qtriptest.APITests.testCase_API_02@56c698e3]" started-at="2024-04-14T14:21:49 IST" name="API_testCase02_searchCities" description="Verify that the search City API Returns the correct number of results" finished-at="2024-04-14T14:21:51 IST" duration-ms="1655" status="PASS">
          <reporter-output>
          </reporter-output>
        </test-method> <!-- API_testCase02_searchCities -->
      </class> <!-- qtriptest.APITests.testCase_API_02 -->
      <class name="qtriptest.APITests.testCase_API_03">
        <test-method signature="API_testCase03_BookReservation()[pri:0, instance:qtriptest.APITests.testCase_API_03@47a86fbb]" started-at="2024-04-14T14:21:51 IST" name="API_testCase03_BookReservation" description="Verify that a reservation can be made using the QTrip API" finished-at="2024-04-14T14:21:55 IST" duration-ms="3703" status="PASS">
          <reporter-output>
          </reporter-output>
        </test-method> <!-- API_testCase03_BookReservation -->
      </class> <!-- qtriptest.APITests.testCase_API_03 -->
      <class name="qtriptest.APITests.testCase_API_04">
        <test-method signature="API_testCase04_checkDuplicateRegisteration()[pri:0, instance:qtriptest.APITests.testCase_API_04@f478a81]" started-at="2024-04-14T14:21:55 IST" name="API_testCase04_checkDuplicateRegisteration" description="Verify that a duplicate user account cannot be created on the Qtrip Website" finished-at="2024-04-14T14:21:57 IST" duration-ms="1843" status="PASS">
          <reporter-output>
          </reporter-output>
        </test-method> <!-- API_testCase04_checkDuplicateRegisteration -->
      </class> <!-- qtriptest.APITests.testCase_API_04 -->
      <class name="qtriptest.tests.BaseTest">
        <test-method is-config="true" signature="driverSetup()[pri:0, instance:qtriptest.tests.BaseTest@2a5b3fee]" started-at="2024-04-14T14:17:07 IST" name="driverSetup" finished-at="2024-04-14T14:17:14 IST" duration-ms="6764" status="PASS">
          <reporter-output>
          </reporter-output>
        </test-method> <!-- driverSetup -->
        <test-method is-config="true" signature="tearDown()[pri:0, instance:qtriptest.tests.BaseTest@2a5b3fee]" started-at="2024-04-14T14:21:57 IST" name="tearDown" finished-at="2024-04-14T14:21:57 IST" duration-ms="464" status="PASS">
          <reporter-output>
          </reporter-output>
        </test-method> <!-- tearDown -->
      </class> <!-- qtriptest.tests.BaseTest -->
    </test> <!-- Qtrip API Tests -->
  </suite> <!-- Tests for QTrip Regression -->
</testng-results>
